<?xml version="1.0" encoding="UTF-8"?>
<!-- Generated by org.testng.reporters.JUnitXMLReporter -->
<testsuite hostname="LAPTOP-ILNJ9H0L" name="Default test" tests="34" failures="0" timestamp="25 Sep 2019 09:29:00 GMT" time="0.377" errors="0">
  <testcase name="testAgregarRuta" time="0.045" classname="co.edu.icesi.RutaTest"/>
  <testcase name="testAgregarRuta" time="0.045" classname="co.edu.icesi.RutaTest"/>
  <testcase name="testDiaFinMayorLimite" time="0.004" classname="co.edu.icesi.RutaTest"/>
  <testcase name="testDiaFinMayorLimite" time="0.004" classname="co.edu.icesi.RutaTest"/>
  <testcase name="testDiaFinNegativo" time="0.001" classname="co.edu.icesi.RutaTest"/>
  <testcase name="testDiaFinNegativo" time="0.001" classname="co.edu.icesi.RutaTest"/>
  <testcase name="testDiaFinNull" time="0.003" classname="co.edu.icesi.RutaTest"/>
  <testcase name="testDiaFinNull" time="0.003" classname="co.edu.icesi.RutaTest"/>
  <testcase name="testDiaInicioMayor" time="0.001" classname="co.edu.icesi.RutaTest"/>
  <testcase name="testDiaInicioMayor" time="0.001" classname="co.edu.icesi.RutaTest"/>
  <testcase name="testDiaInicioMayorLimite" time="0.002" classname="co.edu.icesi.RutaTest"/>
  <testcase name="testDiaInicioMayorLimite" time="0.002" classname="co.edu.icesi.RutaTest"/>
  <testcase name="testDiaInicioNegativo" time="0.001" classname="co.edu.icesi.RutaTest"/>
  <testcase name="testDiaInicioNegativo" time="0.001" classname="co.edu.icesi.RutaTest"/>
  <testcase name="testDiaInicioNull" time="0.002" classname="co.edu.icesi.RutaTest"/>
  <testcase name="testDiaInicioNull" time="0.002" classname="co.edu.icesi.RutaTest"/>
  <testcase name="testHoraFinMayorLimite" time="0.001" classname="co.edu.icesi.RutaTest"/>
  <testcase name="testHoraFinMayorLimite" time="0.001" classname="co.edu.icesi.RutaTest"/>
  <testcase name="testHoraFinNegativa" time="0.002" classname="co.edu.icesi.RutaTest"/>
  <testcase name="testHoraFinNegativa" time="0.002" classname="co.edu.icesi.RutaTest"/>
  <testcase name="testHoraFinNull" time="0.0" classname="co.edu.icesi.RutaTest"/>
  <testcase name="testHoraFinNull" time="0.0" classname="co.edu.icesi.RutaTest"/>
  <testcase name="testHoraInicioMayor" time="0.001" classname="co.edu.icesi.RutaTest"/>
  <testcase name="testHoraInicioMayor" time="0.001" classname="co.edu.icesi.RutaTest"/>
  <testcase name="testHoraInicioMayorLimite" time="0.001" classname="co.edu.icesi.RutaTest"/>
  <testcase name="testHoraInicioMayorLimite" time="0.001" classname="co.edu.icesi.RutaTest"/>
  <testcase name="testHoraInicioNegativa" time="0.002" classname="co.edu.icesi.RutaTest"/>
  <testcase name="testHoraInicioNegativa" time="0.002" classname="co.edu.icesi.RutaTest"/>
  <testcase name="testHoraInicioNull" time="0.001" classname="co.edu.icesi.RutaTest"/>
  <testcase name="testHoraInicioNull" time="0.001" classname="co.edu.icesi.RutaTest"/>
  <testcase name="testHorasIguales" time="0.001" classname="co.edu.icesi.RutaTest"/>
  <testcase name="testHorasIguales" time="0.001" classname="co.edu.icesi.RutaTest"/>
  <testcase name="testRutaNull" time="0.002" classname="co.edu.icesi.RutaTest"/>
  <testcase name="testRutaNull" time="0.002" classname="co.edu.icesi.RutaTest"/>
</testsuite> <!-- Default test -->
